2020-07-03 22:42:15 INFO  Employee:49 - browser launched
2020-07-03 22:42:16 INFO  Employee:54 - Login page
2020-07-03 22:42:16 INFO  Employee:64 - Credentials are entered
2020-07-03 22:42:18 INFO  Employee:73 - Login Successful
2020-07-03 22:42:19 INFO  Employee:92 - navigated to personal information page
2020-07-03 22:42:24 INFO  Employee:121 - Add Employee page
2020-07-03 22:42:40 INFO  Employee:174 - Redirect to personal details page
2020-07-03 22:42:41 INFO  Employee:182 - Employee added page
2020-07-03 22:42:42 INFO  Employee:236 - Validation passed
2020-07-03 22:42:46 INFO  Employee:121 - Add Employee page
2020-07-03 22:43:03 INFO  Employee:174 - Redirect to personal details page
2020-07-03 22:43:03 INFO  Employee:182 - Employee added page
2020-07-03 22:43:03 INFO  Employee:236 - Validation passed
2020-07-03 22:43:07 INFO  Employee:121 - Add Employee page
2020-07-03 22:43:18 FATAL Employee:167 - failed employee already exists
2020-07-03 22:43:28 FATAL Employee:189 - Adding Employee failed
2020-07-03 22:43:29 FATAL Employee:243 - Validation failed-expected [Alex] but found [Tyler]
2020-07-03 22:43:33 INFO  Employee:121 - Add Employee page
2020-07-03 22:43:51 INFO  Employee:174 - Redirect to personal details page
2020-07-03 22:43:51 INFO  Employee:182 - Employee added page
2020-07-03 22:43:51 INFO  Employee:236 - Validation passed
2020-07-03 22:43:52 INFO  Employee:92 - navigated to personal information page
2020-07-03 22:43:55 INFO  Employee:121 - Add Employee page
2020-07-03 22:44:10 INFO  Employee:174 - Redirect to personal details page
2020-07-03 22:44:10 INFO  Employee:182 - Employee added page
2020-07-03 22:44:10 INFO  Employee:257 - textbox are enable to edit
2020-07-03 22:44:13 INFO  Employee:301 - Saved Successfully
2020-07-03 22:44:24 INFO  Employee:218 - Validation passed
2020-07-03 22:44:25 INFO  Employee:92 - navigated to personal information page
2020-07-03 22:44:25 INFO  Employee:345 - Redirect to search page
2020-07-03 22:44:31 INFO  Employee:373 - Employee found
2020-07-03 22:44:32 INFO  Employee:257 - textbox are enable to edit
2020-07-03 22:44:44 FATAL Employee:309 - failed
2020-07-03 22:44:45 FATAL Employee:390 - Validation failed-expected [null] but found [645]
2020-07-03 22:44:46 INFO  Employee:92 - navigated to personal information page
2020-07-03 22:44:47 INFO  Employee:345 - Redirect to search page
2020-07-03 22:44:53 INFO  Employee:373 - Employee found
2020-07-03 22:44:54 INFO  Employee:257 - textbox are enable to edit
2020-07-03 22:44:57 INFO  Employee:301 - Saved Successfully
2020-07-03 22:45:08 INFO  Employee:383 - Validation passed
2020-07-03 22:45:09 INFO  Employee:92 - navigated to personal information page
2020-07-03 22:45:10 INFO  Employee:345 - Redirect to search page
2020-07-03 22:45:24 FATAL Employee:397 - No Record found
2020-07-03 22:45:25 INFO  Employee:92 - navigated to personal information page
2020-07-03 22:45:26 INFO  Employee:345 - Redirect to search page
2020-07-03 22:45:32 INFO  Employee:373 - Employee found
2020-07-03 22:45:33 INFO  Employee:257 - textbox are enable to edit
2020-07-03 22:45:45 FATAL Employee:309 - failed
2020-07-03 22:45:46 FATAL Employee:390 - Validation failed-expected [null] but found [456]
2020-07-03 22:45:46 INFO  Employee:92 - navigated to personal information page
2020-07-03 22:45:47 INFO  Employee:345 - Redirect to search page
2020-07-03 22:45:53 INFO  Employee:373 - Employee found
2020-07-03 22:45:54 INFO  Employee:257 - textbox are enable to edit
2020-07-03 22:45:57 INFO  Employee:301 - Saved Successfully
2020-07-03 22:46:08 INFO  Employee:383 - Validation passed
2020-07-03 22:46:09 INFO  Employee:422 - logout sucessful
